<?xml version="1.0" encoding="utf-8"?>
<?AutomationStudio Version="4.5.2.102"?>
<Objects>
  <Object
    Path="C:\Users\admin\Desktop\KVBO-03-21\Khudyakov\prak3\Logical\Package.pkg"
    LogicalPath=""
    Type="Package.ParentUnknown"
    LastWriteTime="132931288447235801" />
  <Object
    Path="C:\Users\admin\Desktop\KVBO-03-21\Khudyakov\prak3\Logical\Global.typ"
    LogicalPath="Global.typ"
    Type="File"
    LastWriteTime="132894974128018780"
    Private="false" />
  <Object
    Path="C:\Users\admin\Desktop\KVBO-03-21\Khudyakov\prak3\Logical\Global.var"
    LogicalPath="Global.var"
    Type="File"
    LastWriteTime="132931289875255555"
    Private="false" />
  <Object
    Path="C:\Users\admin\Desktop\KVBO-03-21\Khudyakov\prak3\Logical\Libraries\Package.pkg"
    LogicalPath="Libraries"
    Type="Package"
    LastWriteTime="132931270218317669" />
  <Object
    Path="C:\Users\admin\Desktop\KVBO-03-21\Khudyakov\prak3\Logical\Libraries\operator\binary.lby"
    LogicalPath="Libraries.operator"
    Type="Library"
    LastWriteTime="132894974151841953" />
  <Object
    Path="C:\Users\admin\Desktop\KVBO-03-21\Khudyakov\prak3\Logical\Libraries\operator\operator.fun"
    LogicalPath="Libraries.operator.operator.fun"
    Type="File"
    LastWriteTime="132894974151662103"
    Private="false" />
  <Object
    Path="C:\Users\admin\Desktop\KVBO-03-21\Khudyakov\prak3\Logical\Libraries\operator\operator.typ"
    LogicalPath="Libraries.operator.operator.typ"
    Type="File"
    LastWriteTime="132894974151731918"
    Private="false" />
  <Object
    Path="C:\Users\admin\Desktop\KVBO-03-21\Khudyakov\prak3\Logical\Libraries\operator\operator.var"
    LogicalPath="Libraries.operator.operator.var"
    Type="File"
    LastWriteTime="132894974151772191"
    Private="false" />
  <Object
    Path="C:\Users\admin\Desktop\KVBO-03-21\Khudyakov\prak3\Logical\Libraries\runtime\binary.lby"
    LogicalPath="Libraries.runtime"
    Type="Library"
    LastWriteTime="132894974155372186" />
  <Object
    Path="C:\Users\admin\Desktop\KVBO-03-21\Khudyakov\prak3\Logical\Libraries\runtime\runtime.fun"
    LogicalPath="Libraries.runtime.runtime.fun"
    Type="File"
    LastWriteTime="132894974155192695"
    Private="false" />
  <Object
    Path="C:\Users\admin\Desktop\KVBO-03-21\Khudyakov\prak3\Logical\Libraries\runtime\runtime.typ"
    LogicalPath="Libraries.runtime.runtime.typ"
    Type="File"
    LastWriteTime="132894974155252508"
    Private="false" />
  <Object
    Path="C:\Users\admin\Desktop\KVBO-03-21\Khudyakov\prak3\Logical\Libraries\runtime\runtime.var"
    LogicalPath="Libraries.runtime.runtime.var"
    Type="File"
    LastWriteTime="132894974155302655"
    Private="false" />
  <Object
    Path="C:\Users\admin\Desktop\KVBO-03-21\Khudyakov\prak3\Logical\Libraries\astime\binary.lby"
    LogicalPath="Libraries.astime"
    Type="Library"
    LastWriteTime="132894974158753150" />
  <Object
    Path="C:\Users\admin\Desktop\KVBO-03-21\Khudyakov\prak3\Logical\Libraries\astime\astime.fun"
    LogicalPath="Libraries.astime.astime.fun"
    Type="File"
    LastWriteTime="132894974158593599"
    Private="false" />
  <Object
    Path="C:\Users\admin\Desktop\KVBO-03-21\Khudyakov\prak3\Logical\Libraries\astime\astime.typ"
    LogicalPath="Libraries.astime.astime.typ"
    Type="File"
    LastWriteTime="132894974158633589"
    Private="false" />
  <Object
    Path="C:\Users\admin\Desktop\KVBO-03-21\Khudyakov\prak3\Logical\Libraries\astime\astime.var"
    LogicalPath="Libraries.astime.astime.var"
    Type="File"
    LastWriteTime="132894974158693315"
    Private="false" />
  <Object
    Path="C:\Users\admin\Desktop\KVBO-03-21\Khudyakov\prak3\Logical\Libraries\AsIecCon\binary.lby"
    LogicalPath="Libraries.AsIecCon"
    Type="Library"
    LastWriteTime="132894974162243828" />
  <Object
    Path="C:\Users\admin\Desktop\KVBO-03-21\Khudyakov\prak3\Logical\Libraries\AsIecCon\AsIecCon.fun"
    LogicalPath="Libraries.AsIecCon.AsIecCon.fun"
    Type="File"
    LastWriteTime="132894974162124150"
    Private="false" />
  <Object
    Path="C:\Users\admin\Desktop\KVBO-03-21\Khudyakov\prak3\Logical\Libraries\AsIecCon\AsIecCon.typ"
    LogicalPath="Libraries.AsIecCon.AsIecCon.typ"
    Type="File"
    LastWriteTime="132894974162144094"
    Private="false" />
  <Object
    Path="C:\Users\admin\Desktop\KVBO-03-21\Khudyakov\prak3\Logical\Libraries\AsIecCon\AsIecCon.var"
    LogicalPath="Libraries.AsIecCon.AsIecCon.var"
    Type="File"
    LastWriteTime="132894974162174013"
    Private="false" />
  <Object
    Path="C:\Users\admin\Desktop\KVBO-03-21\Khudyakov\prak3\Logical\Libraries\Acp10man\Binary.lby"
    LogicalPath="Libraries.Acp10man"
    Type="Library"
    LastWriteTime="132894985559473380" />
  <Object
    Path="C:\Users\admin\Desktop\KVBO-03-21\Khudyakov\prak3\Logical\Libraries\Acp10man\Acp10man.typ"
    LogicalPath="Libraries.Acp10man.Acp10man.typ"
    Type="File"
    LastWriteTime="132894985559413265"
    Private="false" />
  <Object
    Path="C:\Users\admin\Desktop\KVBO-03-21\Khudyakov\prak3\Logical\Libraries\Acp10par\Binary.lby"
    LogicalPath="Libraries.Acp10par"
    Type="Library"
    LastWriteTime="132894985560321115" />
  <Object
    Path="C:\Users\admin\Desktop\KVBO-03-21\Khudyakov\prak3\Logical\Libraries\Acp10par\Acp10par.var"
    LogicalPath="Libraries.Acp10par.Acp10par.var"
    Type="File"
    LastWriteTime="132894985560260996"
    Private="false" />
  <Object
    Path="C:\Users\admin\Desktop\KVBO-03-21\Khudyakov\prak3\Logical\Libraries\NcGlobal\Binary.lby"
    LogicalPath="Libraries.NcGlobal"
    Type="Library"
    LastWriteTime="132894985560749915" />
  <Object
    Path="C:\Users\admin\Desktop\KVBO-03-21\Khudyakov\prak3\Logical\Libraries\NcGlobal\NcGlobal.fun"
    LogicalPath="Libraries.NcGlobal.NcGlobal.fun"
    Type="File"
    LastWriteTime="132894985560580147"
    Private="false" />
  <Object
    Path="C:\Users\admin\Desktop\KVBO-03-21\Khudyakov\prak3\Logical\Libraries\NcGlobal\NcGlobal.typ"
    LogicalPath="Libraries.NcGlobal.NcGlobal.typ"
    Type="File"
    LastWriteTime="132894985560600095"
    Private="false" />
  <Object
    Path="C:\Users\admin\Desktop\KVBO-03-21\Khudyakov\prak3\Logical\Libraries\NcGlobal\NcGlobal.var"
    LogicalPath="Libraries.NcGlobal.NcGlobal.var"
    Type="File"
    LastWriteTime="132894985560689857"
    Private="false" />
  <Object
    Path="C:\Users\admin\Desktop\KVBO-03-21\Khudyakov\prak3\Logical\Libraries\Acp10sdc\binary.lby"
    LogicalPath="Libraries.Acp10sdc"
    Type="Library"
    LastWriteTime="132894985663315869" />
  <Object
    Path="C:\Users\admin\Desktop\KVBO-03-21\Khudyakov\prak3\Logical\Libraries\Acp10sdc\acp10sdc.var"
    LogicalPath="Libraries.Acp10sdc.acp10sdc.var"
    Type="File"
    LastWriteTime="132894985663225824"
    Private="false" />
  <Object
    Path="C:\Users\admin\Desktop\KVBO-03-21\Khudyakov\prak3\Logical\Libraries\Acp10sdc\acp10sdc.typ"
    LogicalPath="Libraries.Acp10sdc.acp10sdc.typ"
    Type="File"
    LastWriteTime="132894985663255751"
    Private="false" />
  <Object
    Path="C:\Users\admin\Desktop\KVBO-03-21\Khudyakov\prak3\Logical\Libraries\AsBrStr\binary.lby"
    LogicalPath="Libraries.AsBrStr"
    Type="Library"
    LastWriteTime="132894985670177245" />
  <Object
    Path="C:\Users\admin\Desktop\KVBO-03-21\Khudyakov\prak3\Logical\Libraries\AsBrStr\AsBrStr.fun"
    LogicalPath="Libraries.AsBrStr.AsBrStr.fun"
    Type="File"
    LastWriteTime="132894985670017675"
    Private="false" />
  <Object
    Path="C:\Users\admin\Desktop\KVBO-03-21\Khudyakov\prak3\Logical\Libraries\AsBrStr\AsBrStr.typ"
    LogicalPath="Libraries.AsBrStr.AsBrStr.typ"
    Type="File"
    LastWriteTime="132894985670067542"
    Private="false" />
  <Object
    Path="C:\Users\admin\Desktop\KVBO-03-21\Khudyakov\prak3\Logical\Libraries\AsBrStr\AsBrStr.var"
    LogicalPath="Libraries.AsBrStr.AsBrStr.var"
    Type="File"
    LastWriteTime="132894985670117413"
    Private="false" />
  <Object
    Path="C:\Users\admin\Desktop\KVBO-03-21\Khudyakov\prak3\Logical\Libraries\Acp10_MC\binary.lby"
    LogicalPath="Libraries.Acp10_MC"
    Type="Library"
    LastWriteTime="132931270216820130" />
  <Object
    Path="C:\Users\admin\Desktop\KVBO-03-21\Khudyakov\prak3\Logical\Libraries\Acp10_MC\acp10_mc.fun"
    LogicalPath="Libraries.Acp10_MC.acp10_mc.fun"
    Type="File"
    LastWriteTime="132931270216620386"
    Private="false" />
  <Object
    Path="C:\Users\admin\Desktop\KVBO-03-21\Khudyakov\prak3\Logical\Libraries\Acp10_MC\acp10_mc.typ"
    LogicalPath="Libraries.Acp10_MC.acp10_mc.typ"
    Type="File"
    LastWriteTime="132931270216700448"
    Private="false" />
  <Object
    Path="C:\Users\admin\Desktop\KVBO-03-21\Khudyakov\prak3\Logical\Libraries\Acp10_MC\acp10_mc.var"
    LogicalPath="Libraries.Acp10_MC.acp10_mc.var"
    Type="File"
    LastWriteTime="132931270216750168"
    Private="false" />
  <Object
    Path="C:\Users\admin\Desktop\KVBO-03-21\Khudyakov\prak3\Logical\Libraries\brsystem\binary.lby"
    LogicalPath="Libraries.brsystem"
    Type="Library"
    LastWriteTime="132931270217459563" />
  <Object
    Path="C:\Users\admin\Desktop\KVBO-03-21\Khudyakov\prak3\Logical\Libraries\brsystem\brsystem.fun"
    LogicalPath="Libraries.brsystem.brsystem.fun"
    Type="File"
    LastWriteTime="132931270217319975"
    Private="false" />
  <Object
    Path="C:\Users\admin\Desktop\KVBO-03-21\Khudyakov\prak3\Logical\Libraries\brsystem\brsystem.typ"
    LogicalPath="Libraries.brsystem.brsystem.typ"
    Type="File"
    LastWriteTime="132931270217339595"
    Private="false" />
  <Object
    Path="C:\Users\admin\Desktop\KVBO-03-21\Khudyakov\prak3\Logical\Libraries\brsystem\brsystem.var"
    LogicalPath="Libraries.brsystem.brsystem.var"
    Type="File"
    LastWriteTime="132931270217389473"
    Private="false" />
  <Object
    Path="C:\Users\admin\Desktop\KVBO-03-21\Khudyakov\prak3\Logical\Libraries\sys_lib\binary.lby"
    LogicalPath="Libraries.sys_lib"
    Type="Library"
    LastWriteTime="132931270218048669" />
  <Object
    Path="C:\Users\admin\Desktop\KVBO-03-21\Khudyakov\prak3\Logical\Libraries\sys_lib\sys_lib.fun"
    LogicalPath="Libraries.sys_lib.sys_lib.fun"
    Type="File"
    LastWriteTime="132931270217878879"
    Private="false" />
  <Object
    Path="C:\Users\admin\Desktop\KVBO-03-21\Khudyakov\prak3\Logical\Libraries\sys_lib\sys_lib.typ"
    LogicalPath="Libraries.sys_lib.sys_lib.typ"
    Type="File"
    LastWriteTime="132931270217928719"
    Private="false" />
  <Object
    Path="C:\Users\admin\Desktop\KVBO-03-21\Khudyakov\prak3\Logical\Libraries\sys_lib\sys_lib.var"
    LogicalPath="Libraries.sys_lib.sys_lib.var"
    Type="File"
    LastWriteTime="132931270217988551"
    Private="false" />
  <Object
    Path="C:\Users\admin\Desktop\KVBO-03-21\Khudyakov\prak3\Logical\ncsdcctrl\IEC.prg"
    LogicalPath="ncsdcctrl"
    Type="Program"
    LastWriteTime="132931270191175863" />
  <Object
    Path="C:\Users\admin\Desktop\KVBO-03-21\Khudyakov\prak3\Logical\ncsdcctrl\ncsdcctrlCyclic.st"
    LogicalPath="ncsdcctrl.ncsdcctrlCyclic.st"
    Type="File"
    LastWriteTime="132931271367185217"
    Private="false" />
  <Object
    Path="C:\Users\admin\Desktop\KVBO-03-21\Khudyakov\prak3\Logical\ncsdcctrl\ncsdcctrlInit.st"
    LogicalPath="ncsdcctrl.ncsdcctrlInit.st"
    Type="File"
    LastWriteTime="132931271367125083"
    Private="false" />
  <Object
    Path="C:\Users\admin\Desktop\KVBO-03-21\Khudyakov\prak3\Logical\ncsdcctrl\ncsdcctrl.typ"
    LogicalPath="ncsdcctrl.ncsdcctrl.typ"
    Type="File"
    LastWriteTime="132931270199062795"
    Private="true" />
  <Object
    Path="C:\Users\admin\Desktop\KVBO-03-21\Khudyakov\prak3\Logical\ncsdcctrl\ncsdcctrl.var"
    LogicalPath="ncsdcctrl.ncsdcctrl.var"
    Type="File"
    LastWriteTime="132931270235352559"
    Private="true" />
  <Object
    Path="C:\Users\admin\Desktop\KVBO-03-21\Khudyakov\prak3\Logical\acp10etxen\Ett.dob"
    LogicalPath="acp10etxen"
    Type="DataObject"
    LastWriteTime="132931270208907319" />
  <Object
    Path="C:\Users\admin\Desktop\KVBO-03-21\Khudyakov\prak3\Logical\acp10etxen\acp10etxen.ett"
    LogicalPath="acp10etxen.acp10etxen.ett"
    Type="File"
    LastWriteTime="132931270210333503"
    Private="false" />
  <Object
    Path="C:\Users\admin\Desktop\KVBO-03-21\Khudyakov\prak3\Logical\gAxis01obj\Package.pkg"
    LogicalPath="gAxis01obj"
    Type="Package"
    LastWriteTime="132931270234804025" />
  <Object
    Path="C:\Users\admin\Desktop\KVBO-03-21\Khudyakov\prak3\Logical\gAxis01obj\gAxis01a\Apt.dob"
    LogicalPath="gAxis01obj.gAxis01a"
    Type="DataObject"
    LastWriteTime="132931270231841505" />
  <Object
    Path="C:\Users\admin\Desktop\KVBO-03-21\Khudyakov\prak3\Logical\gAxis01obj\gAxis01a\gAxis01a.apt"
    LogicalPath="gAxis01obj.gAxis01a.gAxis01a.apt"
    Type="File"
    LastWriteTime="132931270232230825"
    Private="false" />
  <Object
    Path="C:\Users\admin\Desktop\KVBO-03-21\Khudyakov\prak3\Logical\gAxis01obj\gAxis01i\Ax.dob"
    LogicalPath="gAxis01obj.gAxis01i"
    Type="DataObject"
    LastWriteTime="132931270233118091" />
  <Object
    Path="C:\Users\admin\Desktop\KVBO-03-21\Khudyakov\prak3\Logical\gAxis01obj\gAxis01i\gAxis01i.ax"
    LogicalPath="gAxis01obj.gAxis01i.gAxis01i.ax"
    Type="File"
    LastWriteTime="132931270234664682"
    Private="false" />
  <Object
    Path="C:\Users\admin\Desktop\KVBO-03-21\Khudyakov\prak3\Logical\gAxis02obj\Package.pkg"
    LogicalPath="gAxis02obj"
    Type="Package"
    LastWriteTime="132931271379043218" />
  <Object
    Path="C:\Users\admin\Desktop\KVBO-03-21\Khudyakov\prak3\Logical\gAxis02obj\gAxis02a\Apt.dob"
    LogicalPath="gAxis02obj.gAxis02a"
    Type="DataObject"
    LastWriteTime="132931271376889261" />
  <Object
    Path="C:\Users\admin\Desktop\KVBO-03-21\Khudyakov\prak3\Logical\gAxis02obj\gAxis02a\gAxis02a.apt"
    LogicalPath="gAxis02obj.gAxis02a.gAxis02a.apt"
    Type="File"
    LastWriteTime="132931271377038579"
    Private="false" />
  <Object
    Path="C:\Users\admin\Desktop\KVBO-03-21\Khudyakov\prak3\Logical\gAxis02obj\gAxis02i\Ax.dob"
    LogicalPath="gAxis02obj.gAxis02i"
    Type="DataObject"
    LastWriteTime="132931271377786579" />
  <Object
    Path="C:\Users\admin\Desktop\KVBO-03-21\Khudyakov\prak3\Logical\gAxis02obj\gAxis02i\gAxis02i.ax"
    LogicalPath="gAxis02obj.gAxis02i.gAxis02i.ax"
    Type="File"
    LastWriteTime="132931271378903875"
    Private="false" />
  <Object
    Path="C:\Users\admin\Desktop\KVBO-03-21\Khudyakov\prak3\Logical\Library\ANSIC.lby"
    LogicalPath="Library"
    Type="Library"
    LastWriteTime="132931279634419285" />
  <Object
    Path="C:\Users\admin\Desktop\KVBO-03-21\Khudyakov\prak3\Logical\Library\Types.typ"
    LogicalPath="Library.Types.typ"
    Type="File"
    LastWriteTime="132931276446831299"
    Private="false" />
  <Object
    Path="C:\Users\admin\Desktop\KVBO-03-21\Khudyakov\prak3\Logical\Library\Constants.var"
    LogicalPath="Library.Constants.var"
    Type="File"
    LastWriteTime="132931298720813117"
    Private="false" />
  <Object
    Path="C:\Users\admin\Desktop\KVBO-03-21\Khudyakov\prak3\Logical\Library\Library.fun"
    LogicalPath="Library.Library.fun"
    Type="File"
    LastWriteTime="132931281502724739"
    Private="false" />
  <Object
    Path="C:\Users\admin\Desktop\KVBO-03-21\Khudyakov\prak3\Logical\Library\DRIVE.c"
    LogicalPath="Library.DRIVE.c"
    Type="File"
    LastWriteTime="132931298148675597"
    Private="false" />
  <Object
    Path="C:\Users\admin\Desktop\KVBO-03-21\Khudyakov\prak3\Logical\Program\ANSIC.prg"
    LogicalPath="Program"
    Type="Program"
    LastWriteTime="132931288447155758" />
  <Object
    Path="C:\Users\admin\Desktop\KVBO-03-21\Khudyakov\prak3\Logical\Program\Main.c"
    LogicalPath="Program.Main.c"
    Type="File"
    LastWriteTime="132931297356091512"
    Private="false" />
  <Object
    Path="C:\Users\admin\Desktop\KVBO-03-21\Khudyakov\prak3\Logical\Program\Types.typ"
    LogicalPath="Program.Types.typ"
    Type="File"
    LastWriteTime="132931288447115870"
    Private="true" />
  <Object
    Path="C:\Users\admin\Desktop\KVBO-03-21\Khudyakov\prak3\Logical\Program\Variables.var"
    LogicalPath="Program.Variables.var"
    Type="File"
    LastWriteTime="132931288640985419"
    Private="true" />
  <Object
    Path="C:\Users\admin\Desktop\KVBO-03-21\Khudyakov\prak3\Physical\Config1\Config.pkg"
    LogicalPath="Config1"
    Type="Configuration.ParentUnknown"
    LastWriteTime="132894974200248207" />
  <Object
    Path="C:\Users\admin\Desktop\KVBO-03-21\Khudyakov\prak3\Physical\Config1\Hardware.hw"
    LogicalPath="Config1.Hardware.hw"
    Type="File"
    LastWriteTime="132931274823359362"
    Private="false" />
  <Object
    Path="C:\Users\admin\Desktop\KVBO-03-21\Khudyakov\prak3\Physical\Config1\Hardware.hwl"
    LogicalPath="Config1.Hardware.hwl"
    Type="File"
    LastWriteTime="132931273919642235"
    Private="false" />
  <Object
    Path="C:\Users\admin\Desktop\KVBO-03-21\Khudyakov\prak3\Physical\Config1\4PP065_0571_P74\Cpu.pkg"
    LogicalPath="Config1.4PP065_0571_P74"
    Type="Cpu"
    LastWriteTime="132931227238819263" />
  <Object
    Path="C:\Users\admin\Desktop\KVBO-03-21\Khudyakov\prak3\Physical\Config1\4PP065_0571_P74\Cpu.sw"
    LogicalPath="Config1.4PP065_0571_P74.Cpu.sw"
    Type="File"
    LastWriteTime="132931288447813991"
    Private="false" />
  <Object
    Path="C:\Users\admin\Desktop\KVBO-03-21\Khudyakov\prak3\Physical\Config1\4PP065_0571_P74\Cpu.per"
    LogicalPath="Config1.4PP065_0571_P74.Cpu.per"
    Type="File"
    LastWriteTime="132894974167659357"
    Private="false" />
  <Object
    Path="C:\Users\admin\Desktop\KVBO-03-21\Khudyakov\prak3\Physical\Config1\4PP065_0571_P74\IoMap.iom"
    LogicalPath="Config1.4PP065_0571_P74.IoMap.iom"
    Type="File"
    LastWriteTime="132931311274979177"
    Private="false" />
  <Object
    Path="C:\Users\admin\Desktop\KVBO-03-21\Khudyakov\prak3\Physical\Config1\4PP065_0571_P74\PvMap.vvm"
    LogicalPath="Config1.4PP065_0571_P74.PvMap.vvm"
    Type="File"
    LastWriteTime="132894974167858826"
    Private="false" />
  <Object
    Path="C:\Users\admin\Desktop\KVBO-03-21\Khudyakov\prak3\Physical\Config1\4PP065_0571_P74\Connectivity\Package.pkg"
    LogicalPath="Config1.4PP065_0571_P74.Connectivity"
    Type="Package"
    LastWriteTime="132894974169285004" />
  <Object
    Path="C:\Users\admin\Desktop\KVBO-03-21\Khudyakov\prak3\Physical\Config1\4PP065_0571_P74\Connectivity\OpcUA\Package.pkg"
    LogicalPath="Config1.4PP065_0571_P74.Connectivity.OpcUA"
    Type="Package"
    LastWriteTime="132894974169215197" />
  <Object
    Path="C:\Users\admin\Desktop\KVBO-03-21\Khudyakov\prak3\Physical\Config1\4PP065_0571_P74\TextSystem\Package.pkg"
    LogicalPath="Config1.4PP065_0571_P74.TextSystem"
    Type="Package"
    LastWriteTime="132894974169464529" />
  <Object
    Path="C:\Users\admin\Desktop\KVBO-03-21\Khudyakov\prak3\Physical\Config1\4PP065_0571_P74\UnitSystem\Package.pkg"
    LogicalPath="Config1.4PP065_0571_P74.UnitSystem"
    Type="Package"
    LastWriteTime="132894974169624099" />
  <Object
    Path="C:\Users\admin\Desktop\KVBO-03-21\Khudyakov\prak3\Physical\Config1\4PP065_0571_P74\AccessAndSecurity\Package.pkg"
    LogicalPath="Config1.4PP065_0571_P74.AccessAndSecurity"
    Type="Package"
    LastWriteTime="132894974170830959" />
  <Object
    Path="C:\Users\admin\Desktop\KVBO-03-21\Khudyakov\prak3\Physical\Config1\4PP065_0571_P74\AccessAndSecurity\UserRoleSystem\Package.pkg"
    LogicalPath="Config1.4PP065_0571_P74.AccessAndSecurity.UserRoleSystem"
    Type="Package"
    LastWriteTime="132894974169953218" />
  <Object
    Path="C:\Users\admin\Desktop\KVBO-03-21\Khudyakov\prak3\Physical\Config1\4PP065_0571_P74\AccessAndSecurity\UserRoleSystem\Role.role"
    LogicalPath="Config1.4PP065_0571_P74.AccessAndSecurity.UserRoleSystem.Role.role"
    Type="File"
    LastWriteTime="132894974169813596"
    Private="false" />
  <Object
    Path="C:\Users\admin\Desktop\KVBO-03-21\Khudyakov\prak3\Physical\Config1\4PP065_0571_P74\AccessAndSecurity\UserRoleSystem\User.user"
    LogicalPath="Config1.4PP065_0571_P74.AccessAndSecurity.UserRoleSystem.User.user"
    Type="File"
    LastWriteTime="132894974169893383"
    Private="false" />
  <Object
    Path="C:\Users\admin\Desktop\KVBO-03-21\Khudyakov\prak3\Physical\Config1\4PP065_0571_P74\AccessAndSecurity\CertificateStore\Package.pkg"
    LogicalPath="Config1.4PP065_0571_P74.AccessAndSecurity.CertificateStore"
    Type="Package"
    LastWriteTime="132894974170661414" />
  <Object
    Path="C:\Users\admin\Desktop\KVBO-03-21\Khudyakov\prak3\Physical\Config1\4PP065_0571_P74\AccessAndSecurity\CertificateStore\OwnCertificates\Package.pkg"
    LogicalPath="Config1.4PP065_0571_P74.AccessAndSecurity.CertificateStore.OwnCertificates"
    Type="Package"
    LastWriteTime="132894974170232474" />
  <Object
    Path="C:\Users\admin\Desktop\KVBO-03-21\Khudyakov\prak3\Physical\Config1\4PP065_0571_P74\AccessAndSecurity\CertificateStore\OwnCertificates\Certificates\Package.pkg"
    LogicalPath="Config1.4PP065_0571_P74.AccessAndSecurity.CertificateStore.OwnCertificates.Certificates"
    Type="Package"
    LastWriteTime="132894974170082872" />
  <Object
    Path="C:\Users\admin\Desktop\KVBO-03-21\Khudyakov\prak3\Physical\Config1\4PP065_0571_P74\AccessAndSecurity\CertificateStore\OwnCertificates\PrivateKeys\Package.pkg"
    LogicalPath="Config1.4PP065_0571_P74.AccessAndSecurity.CertificateStore.OwnCertificates.PrivateKeys"
    Type="Package"
    LastWriteTime="132894974170172634" />
  <Object
    Path="C:\Users\admin\Desktop\KVBO-03-21\Khudyakov\prak3\Physical\Config1\4PP065_0571_P74\AccessAndSecurity\CertificateStore\ThirdPartyCertificates\Package.pkg"
    LogicalPath="Config1.4PP065_0571_P74.AccessAndSecurity.CertificateStore.ThirdPartyCertificates"
    Type="Package"
    LastWriteTime="132894974170402106" />
  <Object
    Path="C:\Users\admin\Desktop\KVBO-03-21\Khudyakov\prak3\Physical\Config1\4PP065_0571_P74\AccessAndSecurity\CertificateStore\ThirdPartyCertificates\SoftwareCertificates\Package.pkg"
    LogicalPath="Config1.4PP065_0571_P74.AccessAndSecurity.CertificateStore.ThirdPartyCertificates.SoftwareCertificates"
    Type="Package"
    LastWriteTime="132894974170342542" />
  <Object
    Path="C:\Users\admin\Desktop\KVBO-03-21\Khudyakov\prak3\Physical\Config1\4PP065_0571_P74\AccessAndSecurity\CertificateStore\CertificateRevocationLists\Package.pkg"
    LogicalPath="Config1.4PP065_0571_P74.AccessAndSecurity.CertificateStore.CertificateRevocationLists"
    Type="Package"
    LastWriteTime="132894974170491868" />
  <Object
    Path="C:\Users\admin\Desktop\KVBO-03-21\Khudyakov\prak3\Physical\Config1\4PP065_0571_P74\AccessAndSecurity\CertificateStore\CertificateSigningRequests\Package.pkg"
    LogicalPath="Config1.4PP065_0571_P74.AccessAndSecurity.CertificateStore.CertificateSigningRequests"
    Type="Package"
    LastWriteTime="132894974170581635" />
  <Object
    Path="C:\Users\admin\Desktop\KVBO-03-21\Khudyakov\prak3\Physical\Config1\4PP065_0571_P74\AccessAndSecurity\TransportLayerSecurity\Package.pkg"
    LogicalPath="Config1.4PP065_0571_P74.AccessAndSecurity.TransportLayerSecurity"
    Type="Package"
    LastWriteTime="132894974170761375" />
  <Object
    Path="C:\Users\admin\Desktop\KVBO-03-21\Khudyakov\prak3\Physical\Config1\4PP065_0571_P74\mappControl\Package.pkg"
    LogicalPath="Config1.4PP065_0571_P74.mappControl"
    Type="Package"
    LastWriteTime="132894974170940669" />
  <Object
    Path="C:\Users\admin\Desktop\KVBO-03-21\Khudyakov\prak3\Physical\Config1\4PP065_0571_P74\mappMotion\Package.pkg"
    LogicalPath="Config1.4PP065_0571_P74.mappMotion"
    Type="Package"
    LastWriteTime="132894974171060348" />
  <Object
    Path="C:\Users\admin\Desktop\KVBO-03-21\Khudyakov\prak3\Physical\Config1\4PP065_0571_P74\mappServices\Package.pkg"
    LogicalPath="Config1.4PP065_0571_P74.mappServices"
    Type="Package"
    LastWriteTime="132894974171160082" />
  <Object
    Path="C:\Users\admin\Desktop\KVBO-03-21\Khudyakov\prak3\Physical\Config1\4PP065_0571_P74\mappView\Package.pkg"
    LogicalPath="Config1.4PP065_0571_P74.mappView"
    Type="Package"
    LastWriteTime="132894974171299708" />
  <Object
    Path="C:\Users\admin\Desktop\KVBO-03-21\Khudyakov\prak3\Physical\Config1\4PP065_0571_P74\mappCockpit\Package.pkg"
    LogicalPath="Config1.4PP065_0571_P74.mappCockpit"
    Type="Package"
    LastWriteTime="132894974171459282" />
  <Object
    Path="C:\Users\admin\Desktop\KVBO-03-21\Khudyakov\prak3\Physical\Config1\4PP065_0571_P74\Motion\Package.pkg"
    LogicalPath="Config1.4PP065_0571_P74.Motion"
    Type="Package"
    LastWriteTime="132894985570703091" />
  <Object
    Path="C:\Users\admin\Desktop\KVBO-03-21\Khudyakov\prak3\Physical\Config1\4PP065_0571_P74\Motion\Acp10map.ncm"
    LogicalPath="Config1.4PP065_0571_P74.Motion.Acp10map.ncm"
    Type="File"
    LastWriteTime="132931271375901615"
    Private="false" />
  <Object
    Path="C:\Users\admin\Desktop\KVBO-03-21\Khudyakov\prak3\Physical\Config1\4PP065_0571_P74\Motion\Acp10cfg.ncc"
    LogicalPath="Config1.4PP065_0571_P74.Motion.Acp10cfg.ncc"
    Type="File"
    LastWriteTime="132894985655147412"
    Private="false" />
  <Object
    Path="C:\Users\admin\Desktop\KVBO-03-21\Khudyakov\prak3\Physical\Config1\4PP065_0571_P74\Motion\Acp10sys.br"
    LogicalPath="Config1.4PP065_0571_P74.Motion.Acp10sys.br"
    Type="File"
    LastWriteTime="132894985571670501"
    Private="false" />
  <Object
    Path="C:\Users\admin\Desktop\KVBO-03-21\Khudyakov\prak3\Physical\Config1\Hardware.jpg"
    LogicalPath="Config1.Hardware.jpg"
    Type="File"
    LastWriteTime="132931292321367886"
    Private="false" />
</Objects>